<?xml version="1.0" encoding="UTF-8"?>
<!-- Generated by org.testng.reporters.JUnitReportReporter -->
<testsuite hostname="UDI-D5MNN33" failures="0" tests="2" name="testNGLearning.TestCase1" time="0.001" errors="0" timestamp="2021-11-14T23:00:56 BRT" skipped="0">
  <testcase classname="testNGLearning.TestCase1" name="doRegister" time="0.001"/>
  <system-out/>
  <testcase classname="testNGLearning.TestCase1" name="doLogin" time="0.000"/>
  <system-out/>
</testsuite> <!-- testNGLearning.TestCase1 -->
